Unity Editor version:    2021.3.9f1 (ad3870b89536)
Branch:                  2021.3/staging
Build type:              Release
Batch mode:              YES
macOS version:           Version 12.5.1 (Build 21G83)
Darwin version:          21.6.0
Architecture:            arm64
Running under Rosetta:   NO
Available memory:        16384 MB
Using pre-set license
Pro License: YES

COMMAND LINE ARGUMENTS:
/Applications/Unity/Hub/Editor/2021.3.9f1/Unity.app/Contents/MacOS/Unity
-adb2
-batchMode
-noUpm
-name
AssetImportWorker2
-projectPath
/Users/piaomz/Desktop/CSCI526_GAME_DEV/CSCI526_GAME_DEV
-logFile
Logs/AssetImportWorker2.log
-srvPort
56024
Successfully changed project path to: /Users/piaomz/Desktop/CSCI526_GAME_DEV/CSCI526_GAME_DEV
/Users/piaomz/Desktop/CSCI526_GAME_DEV/CSCI526_GAME_DEV
[UnityMemory] Configuration Parameters - Can be set up in boot.config
    "memorysetup-bucket-allocator-granularity=16"
    "memorysetup-bucket-allocator-bucket-count=8"
    "memorysetup-bucket-allocator-block-size=33554432"
    "memorysetup-bucket-allocator-block-count=8"
    "memorysetup-main-allocator-block-size=16777216"
    "memorysetup-thread-allocator-block-size=16777216"
    "memorysetup-gfx-main-allocator-block-size=16777216"
    "memorysetup-gfx-thread-allocator-block-size=16777216"
    "memorysetup-cache-allocator-block-size=4194304"
    "memorysetup-typetree-allocator-block-size=2097152"
    "memorysetup-profiler-bucket-allocator-granularity=16"
    "memorysetup-profiler-bucket-allocator-bucket-count=8"
    "memorysetup-profiler-bucket-allocator-block-size=33554432"
    "memorysetup-profiler-bucket-allocator-block-count=8"
    "memorysetup-profiler-allocator-block-size=16777216"
    "memorysetup-profiler-editor-allocator-block-size=1048576"
    "memorysetup-temp-allocator-size-main=16777216"
    "memorysetup-job-temp-allocator-block-size=2097152"
    "memorysetup-job-temp-allocator-block-size-background=1048576"
    "memorysetup-job-temp-allocator-reduction-small-platforms=262144"
    "memorysetup-temp-allocator-size-background-worker=32768"
    "memorysetup-temp-allocator-size-job-worker=262144"
    "memorysetup-temp-allocator-size-preload-manager=33554432"
    "memorysetup-temp-allocator-size-nav-mesh-worker=65536"
    "memorysetup-temp-allocator-size-audio-worker=65536"
    "memorysetup-temp-allocator-size-cloud-worker=32768"
    "memorysetup-temp-allocator-size-gi-baking-worker=262144"
    "memorysetup-temp-allocator-size-gfx=262144"
Refreshing native plugins compatible for Editor in 67.46 ms, found 2 plugins.
Preloading 0 native plugins for Editor in 0.00 ms.
Initialize engine version: 2021.3.9f1 (ad3870b89536)
[Subsystems] Discovering subsystems at path /Applications/Unity/Hub/Editor/2021.3.9f1/Unity.app/Contents/Resources/UnitySubsystems
[Subsystems] Discovering subsystems at path /Users/piaomz/Desktop/CSCI526_GAME_DEV/CSCI526_GAME_DEV/Assets
GfxDevice: creating device client; threaded=0; jobified=0
 preferred device: Apple M1 Pro (high power)
Metal devices available: 1
0: Apple M1 Pro (high power)
Using device Apple M1 Pro (high power)
Initializing Metal device caps: Apple M1 Pro
Initialize mono
Mono path[0] = '/Applications/Unity/Hub/Editor/2021.3.9f1/Unity.app/Contents/Managed'
Mono path[1] = '/Applications/Unity/Hub/Editor/2021.3.9f1/Unity.app/Contents/MonoBleedingEdge/lib/mono/unityjit-macos'
Mono config path = '/Applications/Unity/Hub/Editor/2021.3.9f1/Unity.app/Contents/MonoBleedingEdge/etc'
Using monoOptions --debugger-agent=transport=dt_socket,embedding=1,server=y,suspend=n,address=127.0.0.1:56683
Begin MonoManager ReloadAssembly
Registering precompiled unity dll's ...
Register platform support module: /Applications/Unity/Hub/Editor/2021.3.9f1/PlaybackEngines/WebGLSupport/UnityEditor.WebGL.Extensions.dll
Register platform support module: /Applications/Unity/Hub/Editor/2021.3.9f1/Unity.app/Contents/PlaybackEngines/MacStandaloneSupport/UnityEditor.OSXStandalone.Extensions.dll
Register platform support module: /Applications/Unity/Hub/Editor/2021.3.9f1/PlaybackEngines/WindowsStandaloneSupport/UnityEditor.WindowsStandalone.Extensions.dll
Registered in 0.000518 seconds.
Native extension for WindowsStandalone target not found
Native extension for OSXStandalone target not found
Native extension for WebGL target not found
Refreshing native plugins compatible for Editor in 67.99 ms, found 2 plugins.
Preloading 0 native plugins for Editor in 0.00 ms.
Mono: successfully reloaded assembly
- Completed reload, in  0.430 seconds
Domain Reload Profiling:
	ReloadAssembly (430ms)
		BeginReloadAssembly (57ms)
			ExecutionOrderSort (0ms)
			DisableScriptedObjects (0ms)
			BackupInstance (0ms)
			ReleaseScriptingObjects (0ms)
			CreateAndSetChildDomain (1ms)
		EndReloadAssembly (304ms)
			LoadAssemblies (58ms)
			RebuildTransferFunctionScriptingTraits (0ms)
			SetupTypeCache (70ms)
			ReleaseScriptCaches (0ms)
			RebuildScriptCaches (20ms)
			SetupLoadedEditorAssemblies (184ms)
				LogAssemblyErrors (0ms)
				InitializePlatformSupportModulesInManaged (5ms)
				SetLoadedEditorAssemblies (0ms)
				RefreshPlugins (68ms)
				BeforeProcessingInitializeOnLoad (1ms)
				ProcessInitializeOnLoadAttributes (83ms)
				ProcessInitializeOnLoadMethodAttributes (27ms)
				AfterProcessingInitializeOnLoad (0ms)
				EditorAssembliesLoaded (0ms)
			ExecutionOrderSort2 (0ms)
			AwakeInstancesAfterBackupRestoration (0ms)
Platform modules already initialized, skipping
Registering precompiled user dll's ...
Registered in 0.005846 seconds.
Begin MonoManager ReloadAssembly
Symbol file LoadedFromMemory doesn't match image /Users/piaomz/Desktop/CSCI526_GAME_DEV/CSCI526_GAME_DEV/Library/PackageCache/com.unity.visualscripting@1.7.8/Editor/VisualScripting.Core/Dependencies/YamlDotNet/Unity.VisualScripting.YamlDotNet.dll
Symbol file LoadedFromMemory doesn't match image /Users/piaomz/Desktop/CSCI526_GAME_DEV/CSCI526_GAME_DEV/Library/PackageCache/com.unity.visualscripting@1.7.8/Editor/VisualScripting.Core/Dependencies/DotNetZip/Unity.VisualScripting.IonicZip.dll
Native extension for WindowsStandalone target not found
Native extension for OSXStandalone target not found
Native extension for WebGL target not found
Refreshing native plugins compatible for Editor in 0.40 ms, found 2 plugins.
Preloading 0 native plugins for Editor in 0.00 ms.
Mono: successfully reloaded assembly
- Completed reload, in  0.664 seconds
Domain Reload Profiling:
	ReloadAssembly (664ms)
		BeginReloadAssembly (51ms)
			ExecutionOrderSort (0ms)
			DisableScriptedObjects (3ms)
			BackupInstance (0ms)
			ReleaseScriptingObjects (0ms)
			CreateAndSetChildDomain (11ms)
		EndReloadAssembly (538ms)
			LoadAssemblies (76ms)
			RebuildTransferFunctionScriptingTraits (0ms)
			SetupTypeCache (174ms)
			ReleaseScriptCaches (0ms)
			RebuildScriptCaches (34ms)
			SetupLoadedEditorAssemblies (223ms)
				LogAssemblyErrors (0ms)
				InitializePlatformSupportModulesInManaged (3ms)
				SetLoadedEditorAssemblies (0ms)
				RefreshPlugins (0ms)
				BeforeProcessingInitializeOnLoad (57ms)
				ProcessInitializeOnLoadAttributes (144ms)
				ProcessInitializeOnLoadMethodAttributes (16ms)
				AfterProcessingInitializeOnLoad (1ms)
				EditorAssembliesLoaded (0ms)
			ExecutionOrderSort2 (0ms)
			AwakeInstancesAfterBackupRestoration (2ms)
Platform modules already initialized, skipping
========================================================================
Worker process is ready to serve import requests
Launching external process: /Applications/Unity/Hub/Editor/2021.3.9f1/Unity.app/Contents/Tools/UnityShaderCompiler
Launched and connected shader compiler UnityShaderCompiler after 0.05 seconds
Refreshing native plugins compatible for Editor in 0.41 ms, found 2 plugins.
Preloading 0 native plugins for Editor in 0.00 ms.
Unloading 3537 Unused Serialized files (Serialized files now loaded: 0)
Unloading 32 unused Assets / (45.6 KB). Loaded Objects now: 4001.
Memory consumption went from 239.3 MB to 239.2 MB.
Total: 2.301000 ms (FindLiveObjects: 0.106667 ms CreateObjectMapping: 0.039208 ms MarkObjects: 2.095250 ms  DeleteObjects: 0.059375 ms)

AssetImportParameters requested are different than current active one (requested -> active):
  custom:video-decoder-ogg-theora: a1e56fd34408186e4bbccfd4996cb3dc -> 
  custom:container-muxer-webm: aa71ff27fc2769a1b78a27578f13a17b -> 
  custom:container-demuxer-webm: 4f35f7cbe854078d1ac9338744f61a02 -> 
  custom:video-encoder-webm-vp8: eb34c28f22e8b96e1ab97ce403110664 -> 
  custom:framework-osx-AVFoundation: e770b220cccbd017edd2c1fefb359320 -> 
  custom:audio-encoder-webm-vorbis: bf7c407c2cedff20999df2af8eb42d56 -> 
  custom:container-demuxer-ogg: 62fdf1f143b41e24485cea50d1cbac27 -> 
  custom:video-decoder-webm-vp8: 9c59270c3fd7afecdb556c50c9e8de78 -> 
  custom:audio-decoder-ogg-vorbis: bf7c407c2cedff20999df2af8eb42d56 -> 
========================================================================
Received Import Request.
  Time since last request: 2388985.580413 seconds.
  path: Assets/Scenes/Level2.unity
  artifactKey: Guid(43dbc49e6bac92e4385d950edbfde620) Importer(815301076,1909f56bfc062723c751e8b465ee728b)
Start importing Assets/Scenes/Level2.unity using Guid(43dbc49e6bac92e4385d950edbfde620) Importer(815301076,1909f56bfc062723c751e8b465ee728b)  -> (artifact id: '46db81377e851cc6f6eccfe65391aafd') in 0.008816 seconds 
========================================================================
Received Import Request.
  Time since last request: 8.249644 seconds.
  path: Assets/AurynSky/Forest Pack/Models/ForestBlock01.fbx
  artifactKey: Guid(8f059788f09129548819124918076d2e) Importer(815301076,1909f56bfc062723c751e8b465ee728b)
Start importing Assets/AurynSky/Forest Pack/Models/ForestBlock01.fbx using Guid(8f059788f09129548819124918076d2e) Importer(815301076,1909f56bfc062723c751e8b465ee728b)  -> (artifact id: 'b94c5d6c90849069dce81a44fb07e44d') in 0.110436 seconds 
========================================================================
Received Import Request.
  Time since last request: 1.728614 seconds.
  path: Assets/AurynSky/Forest Pack/Models/ForestBlock02.fbx
  artifactKey: Guid(481b9e0107aab3041b49f72c38151e69) Importer(815301076,1909f56bfc062723c751e8b465ee728b)
Start importing Assets/AurynSky/Forest Pack/Models/ForestBlock02.fbx using Guid(481b9e0107aab3041b49f72c38151e69) Importer(815301076,1909f56bfc062723c751e8b465ee728b)  -> (artifact id: 'f245de12d1cd9c29b4af7758beac8d8d') in 0.013848 seconds 
========================================================================
Received Import Request.
  Time since last request: 16.552299 seconds.
  path: Assets/AurynSky/Forest Pack/Models/ForestBlock01.fbx
  artifactKey: Guid(8f059788f09129548819124918076d2e) Importer(815301076,1909f56bfc062723c751e8b465ee728b)
Start importing Assets/AurynSky/Forest Pack/Models/ForestBlock01.fbx using Guid(8f059788f09129548819124918076d2e) Importer(815301076,1909f56bfc062723c751e8b465ee728b)  -> (artifact id: '81c26b1abc6abc658372e9478b4dc15b') in 0.011858 seconds 
========================================================================
Received Import Request.
  Time since last request: 15.337806 seconds.
  path: Assets/AurynSky/Forest Pack/Models/ForestTreeAppleTall.fbx
  artifactKey: Guid(74836e1c1b626dc41a8fb4207f7026b8) Importer(815301076,1909f56bfc062723c751e8b465ee728b)
Start importing Assets/AurynSky/Forest Pack/Models/ForestTreeAppleTall.fbx using Guid(74836e1c1b626dc41a8fb4207f7026b8) Importer(815301076,1909f56bfc062723c751e8b465ee728b)  -> (artifact id: '751a23ed0674fb64120a9c4c2363cc5c') in 0.021116 seconds 
========================================================================
Received Import Request.
  Time since last request: 8.160462 seconds.
  path: Assets/AurynSky/Forest Pack/Models/ForestCastleDoorL.fbx
  artifactKey: Guid(e6fbed5d470b480408c5d2f5c87db564) Importer(815301076,1909f56bfc062723c751e8b465ee728b)
Start importing Assets/AurynSky/Forest Pack/Models/ForestCastleDoorL.fbx using Guid(e6fbed5d470b480408c5d2f5c87db564) Importer(815301076,1909f56bfc062723c751e8b465ee728b)  -> (artifact id: '141c04e8a207d6550e193e33906b4ade') in 0.017637 seconds 
========================================================================
Received Import Request.
  Time since last request: 12.622306 seconds.
  path: Assets/AurynSky/Forest Pack/Models/ForestCatapultBase.fbx
  artifactKey: Guid(e661daaaebf587c4cae7c914305ccc2e) Importer(815301076,1909f56bfc062723c751e8b465ee728b)
Start importing Assets/AurynSky/Forest Pack/Models/ForestCatapultBase.fbx using Guid(e661daaaebf587c4cae7c914305ccc2e) Importer(815301076,1909f56bfc062723c751e8b465ee728b)  -> (artifact id: 'c7d42437007a594b6d595030f6e4593d') in 0.022183 seconds 
========================================================================
Received Import Request.
  Time since last request: 8.641744 seconds.
  path: Assets/AurynSky/Forest Pack/Models/ForestChestBottom.fbx
  artifactKey: Guid(0e5f540077da33c4eab7f0f7f1121747) Importer(815301076,1909f56bfc062723c751e8b465ee728b)
Start importing Assets/AurynSky/Forest Pack/Models/ForestChestBottom.fbx using Guid(0e5f540077da33c4eab7f0f7f1121747) Importer(815301076,1909f56bfc062723c751e8b465ee728b)  -> (artifact id: '784346b9f30c06facf5cc27c20321651') in 0.018125 seconds 
========================================================================
Received Import Request.
  Time since last request: 11.298555 seconds.
  path: Assets/AurynSky/Forest Pack/Models/ForestBlock02.fbx
  artifactKey: Guid(481b9e0107aab3041b49f72c38151e69) Importer(815301076,1909f56bfc062723c751e8b465ee728b)
Start importing Assets/AurynSky/Forest Pack/Models/ForestBlock02.fbx using Guid(481b9e0107aab3041b49f72c38151e69) Importer(815301076,1909f56bfc062723c751e8b465ee728b)  -> (artifact id: '88bf992f0e82b336ea06d8f6019f5559') in 0.012265 seconds 
========================================================================
Received Import Request.
  Time since last request: 26.641832 seconds.
  path: Assets/AurynSky/Forest Pack/Models/ForestCastleWindow.fbx
  artifactKey: Guid(1eab687d6dbcf7847ab55b00b3c9c91b) Importer(815301076,1909f56bfc062723c751e8b465ee728b)
Start importing Assets/AurynSky/Forest Pack/Models/ForestCastleWindow.fbx using Guid(1eab687d6dbcf7847ab55b00b3c9c91b) Importer(815301076,1909f56bfc062723c751e8b465ee728b)  -> (artifact id: 'c0a26a1ec62c591a859ddcda1433d38f') in 0.014922 seconds 
========================================================================
Received Import Request.
  Time since last request: 25.281011 seconds.
  path: Assets/AurynSky/Forest Pack/Materials
  artifactKey: Guid(966c07e4f301dd448b522004646f255d) Importer(815301076,1909f56bfc062723c751e8b465ee728b)
Start importing Assets/AurynSky/Forest Pack/Materials using Guid(966c07e4f301dd448b522004646f255d) Importer(815301076,1909f56bfc062723c751e8b465ee728b)  -> (artifact id: 'f27ad928d81f5d9d78e5896bef587d6a') in 0.001387 seconds 
========================================================================
Received Import Request.
  Time since last request: 1.597138 seconds.
  path: Assets/AurynSky/Forest Pack/Models
  artifactKey: Guid(1fbd0994cc948f24eafcf9f475618db0) Importer(815301076,1909f56bfc062723c751e8b465ee728b)
Start importing Assets/AurynSky/Forest Pack/Models using Guid(1fbd0994cc948f24eafcf9f475618db0) Importer(815301076,1909f56bfc062723c751e8b465ee728b)  -> (artifact id: '206f6ea4224ad956b7d53d415ab804ad') in 0.001442 seconds 
========================================================================
Received Import Request.
  Time since last request: 1.396098 seconds.
  path: Assets/AurynSky/Forest Pack/Prefabs
  artifactKey: Guid(2d818acaa4627844481af6377833e7ac) Importer(815301076,1909f56bfc062723c751e8b465ee728b)
Start importing Assets/AurynSky/Forest Pack/Prefabs using Guid(2d818acaa4627844481af6377833e7ac) Importer(815301076,1909f56bfc062723c751e8b465ee728b)  -> (artifact id: 'ea75b01763f070650e2347d71e5b98bd') in 0.002220 seconds 
========================================================================
Received Import Request.
  Time since last request: 4.497701 seconds.
  path: Assets/AurynSky/Forest Pack/Prefabs/ForestBarrel.prefab
  artifactKey: Guid(31d3a77f906791342bc79acdc84f5218) Importer(815301076,1909f56bfc062723c751e8b465ee728b)
Start importing Assets/AurynSky/Forest Pack/Prefabs/ForestBarrel.prefab using Guid(31d3a77f906791342bc79acdc84f5218) Importer(815301076,1909f56bfc062723c751e8b465ee728b)  -> (artifact id: 'aa99cee3973072b7e9c488d603eecd5d') in 0.034470 seconds 
========================================================================
Received Import Request.
  Time since last request: 7.466261 seconds.
  path: Assets/AurynSky/Forest Pack/Prefabs/Prefabs_Blue/ForestBanner_Blue.prefab
  artifactKey: Guid(0073cc7a3535b5648b67fc6df3289f29) Importer(815301076,1909f56bfc062723c751e8b465ee728b)
Start importing Assets/AurynSky/Forest Pack/Prefabs/Prefabs_Blue/ForestBanner_Blue.prefab using Guid(0073cc7a3535b5648b67fc6df3289f29) Importer(815301076,1909f56bfc062723c751e8b465ee728b)  -> (artifact id: 'f840e7ed541be00397a22f6d357d4939') in 0.015862 seconds 
========================================================================
Received Import Request.
  Time since last request: 7.772232 seconds.
  path: Assets/AurynSky/Forest Pack/Prefabs/Prefabs_Red/ForestBanner_Red.prefab
  artifactKey: Guid(6ed1034f9492a344ebd1650ecbc20030) Importer(815301076,1909f56bfc062723c751e8b465ee728b)
Start importing Assets/AurynSky/Forest Pack/Prefabs/Prefabs_Red/ForestBanner_Red.prefab using Guid(6ed1034f9492a344ebd1650ecbc20030) Importer(815301076,1909f56bfc062723c751e8b465ee728b)  -> (artifact id: '0caeee2f2dbb51794a450b6ac19ccdbb') in 0.009455 seconds 
========================================================================
Received Prepare
Registering precompiled user dll's ...
Registered in 0.001578 seconds.
Begin MonoManager ReloadAssembly
Thread 0x2925f7000 may have been prematurely finalized
Symbol file LoadedFromMemory doesn't match image /Users/piaomz/Desktop/CSCI526_GAME_DEV/CSCI526_GAME_DEV/Library/PackageCache/com.unity.visualscripting@1.7.8/Editor/VisualScripting.Core/Dependencies/YamlDotNet/Unity.VisualScripting.YamlDotNet.dll
Symbol file LoadedFromMemory doesn't match image /Users/piaomz/Desktop/CSCI526_GAME_DEV/CSCI526_GAME_DEV/Library/PackageCache/com.unity.visualscripting@1.7.8/Editor/VisualScripting.Core/Dependencies/DotNetZip/Unity.VisualScripting.IonicZip.dll
Native extension for WindowsStandalone target not found
Native extension for OSXStandalone target not found
Native extension for WebGL target not found
Refreshing native plugins compatible for Editor in 0.42 ms, found 2 plugins.
Preloading 0 native plugins for Editor in 0.00 ms.
Mono: successfully reloaded assembly
- Completed reload, in  0.591 seconds
Domain Reload Profiling:
	ReloadAssembly (592ms)
		BeginReloadAssembly (79ms)
			ExecutionOrderSort (0ms)
			DisableScriptedObjects (3ms)
			BackupInstance (0ms)
			ReleaseScriptingObjects (0ms)
			CreateAndSetChildDomain (30ms)
		EndReloadAssembly (454ms)
			LoadAssemblies (32ms)
			RebuildTransferFunctionScriptingTraits (0ms)
			SetupTypeCache (179ms)
			ReleaseScriptCaches (1ms)
			RebuildScriptCaches (28ms)
			SetupLoadedEditorAssemblies (183ms)
				LogAssemblyErrors (0ms)
				InitializePlatformSupportModulesInManaged (7ms)
				SetLoadedEditorAssemblies (0ms)
				RefreshPlugins (0ms)
				BeforeProcessingInitializeOnLoad (38ms)
				ProcessInitializeOnLoadAttributes (121ms)
				ProcessInitializeOnLoadMethodAttributes (15ms)
				AfterProcessingInitializeOnLoad (1ms)
				EditorAssembliesLoaded (0ms)
			ExecutionOrderSort2 (0ms)
			AwakeInstancesAfterBackupRestoration (2ms)
Platform modules already initialized, skipping
Refreshing native plugins compatible for Editor in 1.01 ms, found 2 plugins.
Preloading 0 native plugins for Editor in 0.00 ms.
Unloading 3517 Unused Serialized files (Serialized files now loaded: 0)
Unloading 25 unused Assets / (21.9 KB). Loaded Objects now: 4048.
Memory consumption went from 264.3 MB to 264.3 MB.
Total: 2.291458 ms (FindLiveObjects: 0.108334 ms CreateObjectMapping: 0.045375 ms MarkObjects: 2.121666 ms  DeleteObjects: 0.015250 ms)

AssetImportParameters requested are different than current active one (requested -> active):
  custom:video-decoder-ogg-theora: a1e56fd34408186e4bbccfd4996cb3dc -> 
  custom:container-muxer-webm: aa71ff27fc2769a1b78a27578f13a17b -> 
  custom:container-demuxer-webm: 4f35f7cbe854078d1ac9338744f61a02 -> 
  custom:video-encoder-webm-vp8: eb34c28f22e8b96e1ab97ce403110664 -> 
  custom:framework-osx-AVFoundation: e770b220cccbd017edd2c1fefb359320 -> 
  custom:audio-encoder-webm-vorbis: bf7c407c2cedff20999df2af8eb42d56 -> 
  custom:container-demuxer-ogg: 62fdf1f143b41e24485cea50d1cbac27 -> 
  custom:video-decoder-webm-vp8: 9c59270c3fd7afecdb556c50c9e8de78 -> 
  custom:audio-decoder-ogg-vorbis: bf7c407c2cedff20999df2af8eb42d56 -> 
========================================================================
Received Prepare
Registering precompiled user dll's ...
Registered in 0.001501 seconds.
Begin MonoManager ReloadAssembly
Thread 0x29234b000 may have been prematurely finalized
Symbol file LoadedFromMemory doesn't match image /Users/piaomz/Desktop/CSCI526_GAME_DEV/CSCI526_GAME_DEV/Library/PackageCache/com.unity.visualscripting@1.7.8/Editor/VisualScripting.Core/Dependencies/YamlDotNet/Unity.VisualScripting.YamlDotNet.dll
Symbol file LoadedFromMemory doesn't match image /Users/piaomz/Desktop/CSCI526_GAME_DEV/CSCI526_GAME_DEV/Library/PackageCache/com.unity.visualscripting@1.7.8/Editor/VisualScripting.Core/Dependencies/DotNetZip/Unity.VisualScripting.IonicZip.dll
Native extension for WindowsStandalone target not found
Native extension for OSXStandalone target not found
Native extension for WebGL target not found
Refreshing native plugins compatible for Editor in 0.35 ms, found 2 plugins.
Preloading 0 native plugins for Editor in 0.00 ms.
Mono: successfully reloaded assembly
- Completed reload, in  0.575 seconds
Domain Reload Profiling:
	ReloadAssembly (576ms)
		BeginReloadAssembly (73ms)
			ExecutionOrderSort (0ms)
			DisableScriptedObjects (3ms)
			BackupInstance (0ms)
			ReleaseScriptingObjects (0ms)
			CreateAndSetChildDomain (28ms)
		EndReloadAssembly (446ms)
			LoadAssemblies (31ms)
			RebuildTransferFunctionScriptingTraits (0ms)
			SetupTypeCache (171ms)
			ReleaseScriptCaches (1ms)
			RebuildScriptCaches (27ms)
			SetupLoadedEditorAssemblies (184ms)
				LogAssemblyErrors (0ms)
				InitializePlatformSupportModulesInManaged (7ms)
				SetLoadedEditorAssemblies (0ms)
				RefreshPlugins (0ms)
				BeforeProcessingInitializeOnLoad (38ms)
				ProcessInitializeOnLoadAttributes (122ms)
				ProcessInitializeOnLoadMethodAttributes (16ms)
				AfterProcessingInitializeOnLoad (1ms)
				EditorAssembliesLoaded (0ms)
			ExecutionOrderSort2 (0ms)
			AwakeInstancesAfterBackupRestoration (2ms)
Platform modules already initialized, skipping
Refreshing native plugins compatible for Editor in 0.99 ms, found 2 plugins.
Preloading 0 native plugins for Editor in 0.00 ms.
Unloading 3517 Unused Serialized files (Serialized files now loaded: 0)
Unloading 25 unused Assets / (22.0 KB). Loaded Objects now: 4051.
Memory consumption went from 264.5 MB to 264.5 MB.
Total: 2.131375 ms (FindLiveObjects: 0.103041 ms CreateObjectMapping: 0.043125 ms MarkObjects: 1.969083 ms  DeleteObjects: 0.015375 ms)

AssetImportParameters requested are different than current active one (requested -> active):
  custom:video-decoder-ogg-theora: a1e56fd34408186e4bbccfd4996cb3dc -> 
  custom:container-muxer-webm: aa71ff27fc2769a1b78a27578f13a17b -> 
  custom:container-demuxer-webm: 4f35f7cbe854078d1ac9338744f61a02 -> 
  custom:video-encoder-webm-vp8: eb34c28f22e8b96e1ab97ce403110664 -> 
  custom:framework-osx-AVFoundation: e770b220cccbd017edd2c1fefb359320 -> 
  custom:audio-encoder-webm-vorbis: bf7c407c2cedff20999df2af8eb42d56 -> 
  custom:container-demuxer-ogg: 62fdf1f143b41e24485cea50d1cbac27 -> 
  custom:video-decoder-webm-vp8: 9c59270c3fd7afecdb556c50c9e8de78 -> 
  custom:audio-decoder-ogg-vorbis: bf7c407c2cedff20999df2af8eb42d56 -> 
========================================================================
Received Import Request.
  Time since last request: 425.808616 seconds.
  path: Assets/AurynSky/Forest Pack/Prefabs/doorA.prefab
  artifactKey: Guid(94b9029a146f54b958c0e7c06d9459f3) Importer(815301076,1909f56bfc062723c751e8b465ee728b)
Start importing Assets/AurynSky/Forest Pack/Prefabs/doorA.prefab using Guid(94b9029a146f54b958c0e7c06d9459f3) Importer(815301076,1909f56bfc062723c751e8b465ee728b)  -> (artifact id: '8aa49b37a62076afb29a4adde1b232ad') in 0.063791 seconds 
========================================================================
Received Import Request.
  Time since last request: 2.536864 seconds.
  path: Assets/AurynSky/Forest Pack/Prefabs/doorB.prefab
  artifactKey: Guid(f1d3e2828ac854cf2bbb99cb0f7ae0b1) Importer(815301076,1909f56bfc062723c751e8b465ee728b)
Start importing Assets/AurynSky/Forest Pack/Prefabs/doorB.prefab using Guid(f1d3e2828ac854cf2bbb99cb0f7ae0b1) Importer(815301076,1909f56bfc062723c751e8b465ee728b)  -> (artifact id: '17f402b53a0fb4ef7efc433adefe47fd') in 0.009985 seconds 
========================================================================
Received Import Request.
  Time since last request: 2.160118 seconds.
  path: Assets/AurynSky/Forest Pack/Prefabs/doorAB.prefab
  artifactKey: Guid(3a1f1fc483fa1482f9a61af9aee5183a) Importer(815301076,1909f56bfc062723c751e8b465ee728b)
Start importing Assets/AurynSky/Forest Pack/Prefabs/doorAB.prefab using Guid(3a1f1fc483fa1482f9a61af9aee5183a) Importer(815301076,1909f56bfc062723c751e8b465ee728b)  -> (artifact id: 'a40b76722e534a80df72106d13039724') in 0.008387 seconds 
========================================================================
Received Import Request.
  Time since last request: 38.215206 seconds.
  path: Assets/Prefabs/barrier.prefab
  artifactKey: Guid(383e8e97e5f654f4697a51157743acf8) Importer(815301076,1909f56bfc062723c751e8b465ee728b)
Start importing Assets/Prefabs/barrier.prefab using Guid(383e8e97e5f654f4697a51157743acf8) Importer(815301076,1909f56bfc062723c751e8b465ee728b)  -> (artifact id: '5f066289e79451cf8d1f2b8637feba3c') in 0.009068 seconds 
========================================================================
Received Prepare
Registering precompiled user dll's ...
Registered in 0.001511 seconds.
Begin MonoManager ReloadAssembly
Thread 0x29234b000 may have been prematurely finalized
Symbol file LoadedFromMemory doesn't match image /Users/piaomz/Desktop/CSCI526_GAME_DEV/CSCI526_GAME_DEV/Library/PackageCache/com.unity.visualscripting@1.7.8/Editor/VisualScripting.Core/Dependencies/YamlDotNet/Unity.VisualScripting.YamlDotNet.dll
Symbol file LoadedFromMemory doesn't match image /Users/piaomz/Desktop/CSCI526_GAME_DEV/CSCI526_GAME_DEV/Library/PackageCache/com.unity.visualscripting@1.7.8/Editor/VisualScripting.Core/Dependencies/DotNetZip/Unity.VisualScripting.IonicZip.dll
Native extension for WindowsStandalone target not found
Native extension for OSXStandalone target not found
Native extension for WebGL target not found
Refreshing native plugins compatible for Editor in 0.47 ms, found 2 plugins.
Preloading 0 native plugins for Editor in 0.00 ms.
Mono: successfully reloaded assembly
- Completed reload, in  0.605 seconds
Domain Reload Profiling:
	ReloadAssembly (605ms)
		BeginReloadAssembly (85ms)
			ExecutionOrderSort (0ms)
			DisableScriptedObjects (3ms)
			BackupInstance (0ms)
			ReleaseScriptingObjects (0ms)
			CreateAndSetChildDomain (35ms)
		EndReloadAssembly (462ms)
			LoadAssemblies (39ms)
			RebuildTransferFunctionScriptingTraits (0ms)
			SetupTypeCache (177ms)
			ReleaseScriptCaches (1ms)
			RebuildScriptCaches (28ms)
			SetupLoadedEditorAssemblies (185ms)
				LogAssemblyErrors (0ms)
				InitializePlatformSupportModulesInManaged (8ms)
				SetLoadedEditorAssemblies (0ms)
				RefreshPlugins (0ms)
				BeforeProcessingInitializeOnLoad (38ms)
				ProcessInitializeOnLoadAttributes (122ms)
				ProcessInitializeOnLoadMethodAttributes (16ms)
				AfterProcessingInitializeOnLoad (1ms)
				EditorAssembliesLoaded (0ms)
			ExecutionOrderSort2 (0ms)
			AwakeInstancesAfterBackupRestoration (2ms)
Platform modules already initialized, skipping
Refreshing native plugins compatible for Editor in 1.01 ms, found 2 plugins.
Preloading 0 native plugins for Editor in 0.00 ms.
Unloading 3517 Unused Serialized files (Serialized files now loaded: 0)
Unloading 25 unused Assets / (22.0 KB). Loaded Objects now: 4054.
Memory consumption went from 264.8 MB to 264.8 MB.
Total: 2.312083 ms (FindLiveObjects: 0.114000 ms CreateObjectMapping: 0.042875 ms MarkObjects: 2.138875 ms  DeleteObjects: 0.015458 ms)

AssetImportParameters requested are different than current active one (requested -> active):
  custom:video-decoder-ogg-theora: a1e56fd34408186e4bbccfd4996cb3dc -> 
  custom:container-muxer-webm: aa71ff27fc2769a1b78a27578f13a17b -> 
  custom:container-demuxer-webm: 4f35f7cbe854078d1ac9338744f61a02 -> 
  custom:video-encoder-webm-vp8: eb34c28f22e8b96e1ab97ce403110664 -> 
  custom:framework-osx-AVFoundation: e770b220cccbd017edd2c1fefb359320 -> 
  custom:audio-encoder-webm-vorbis: bf7c407c2cedff20999df2af8eb42d56 -> 
  custom:container-demuxer-ogg: 62fdf1f143b41e24485cea50d1cbac27 -> 
  custom:video-decoder-webm-vp8: 9c59270c3fd7afecdb556c50c9e8de78 -> 
  custom:audio-decoder-ogg-vorbis: bf7c407c2cedff20999df2af8eb42d56 -> 
========================================================================
Received Import Request.
  Time since last request: 71.873328 seconds.
  path: Assets/Scenes/Level3.unity
  artifactKey: Guid(2f13bcb8bfb6fa849a7939415d586858) Importer(815301076,1909f56bfc062723c751e8b465ee728b)
Start importing Assets/Scenes/Level3.unity using Guid(2f13bcb8bfb6fa849a7939415d586858) Importer(815301076,1909f56bfc062723c751e8b465ee728b)  -> (artifact id: 'c6c06d15cb205ac5e6ce4ae98c2be9d9') in 0.005344 seconds 
========================================================================
Received Import Request.
  Time since last request: 79.213670 seconds.
  path: Assets/Prefabs/CoinA.prefab
  artifactKey: Guid(1abe27b96b555af4a8a93acbc4e02691) Importer(815301076,1909f56bfc062723c751e8b465ee728b)
Start importing Assets/Prefabs/CoinA.prefab using Guid(1abe27b96b555af4a8a93acbc4e02691) Importer(815301076,1909f56bfc062723c751e8b465ee728b)  -> (artifact id: 'e0ae30be3b835b28c9045d1a8a788e07') in 0.045649 seconds 
========================================================================
Received Import Request.
  Time since last request: 18.677001 seconds.
  path: Assets/Prefabs/doorB.prefab
  artifactKey: Guid(f1d3e2828ac854cf2bbb99cb0f7ae0b1) Importer(815301076,1909f56bfc062723c751e8b465ee728b)
Start importing Assets/Prefabs/doorB.prefab using Guid(f1d3e2828ac854cf2bbb99cb0f7ae0b1) Importer(815301076,1909f56bfc062723c751e8b465ee728b)  -> (artifact id: '92c1e8c43c6ebce446c454bae1b5e40d') in 0.013161 seconds 
========================================================================
Received Prepare
Registering precompiled user dll's ...
Registered in 0.001438 seconds.
Begin MonoManager ReloadAssembly
Thread 0x16fe57000 may have been prematurely finalized
Symbol file LoadedFromMemory doesn't match image /Users/piaomz/Desktop/CSCI526_GAME_DEV/CSCI526_GAME_DEV/Library/PackageCache/com.unity.visualscripting@1.7.8/Editor/VisualScripting.Core/Dependencies/YamlDotNet/Unity.VisualScripting.YamlDotNet.dll
Symbol file LoadedFromMemory doesn't match image /Users/piaomz/Desktop/CSCI526_GAME_DEV/CSCI526_GAME_DEV/Library/PackageCache/com.unity.visualscripting@1.7.8/Editor/VisualScripting.Core/Dependencies/DotNetZip/Unity.VisualScripting.IonicZip.dll
Native extension for WindowsStandalone target not found
Native extension for OSXStandalone target not found
Native extension for WebGL target not found
Refreshing native plugins compatible for Editor in 0.42 ms, found 2 plugins.
Preloading 0 native plugins for Editor in 0.00 ms.
Mono: successfully reloaded assembly
- Completed reload, in  0.590 seconds
Domain Reload Profiling:
	ReloadAssembly (591ms)
		BeginReloadAssembly (78ms)
			ExecutionOrderSort (0ms)
			DisableScriptedObjects (3ms)
			BackupInstance (0ms)
			ReleaseScriptingObjects (0ms)
			CreateAndSetChildDomain (32ms)
		EndReloadAssembly (453ms)
			LoadAssemblies (38ms)
			RebuildTransferFunctionScriptingTraits (0ms)
			SetupTypeCache (175ms)
			ReleaseScriptCaches (1ms)
			RebuildScriptCaches (27ms)
			SetupLoadedEditorAssemblies (182ms)
				LogAssemblyErrors (0ms)
				InitializePlatformSupportModulesInManaged (7ms)
				SetLoadedEditorAssemblies (0ms)
				RefreshPlugins (0ms)
				BeforeProcessingInitializeOnLoad (38ms)
				ProcessInitializeOnLoadAttributes (120ms)
				ProcessInitializeOnLoadMethodAttributes (16ms)
				AfterProcessingInitializeOnLoad (1ms)
				EditorAssembliesLoaded (0ms)
			ExecutionOrderSort2 (0ms)
			AwakeInstancesAfterBackupRestoration (2ms)
Platform modules already initialized, skipping
Refreshing native plugins compatible for Editor in 0.97 ms, found 2 plugins.
Preloading 0 native plugins for Editor in 0.00 ms.
Unloading 3517 Unused Serialized files (Serialized files now loaded: 0)
Unloading 25 unused Assets / (22.1 KB). Loaded Objects now: 4058.
Memory consumption went from 265.1 MB to 265.0 MB.
Total: 2.163042 ms (FindLiveObjects: 0.109958 ms CreateObjectMapping: 0.042875 ms MarkObjects: 1.982000 ms  DeleteObjects: 0.027458 ms)

AssetImportParameters requested are different than current active one (requested -> active):
  custom:video-decoder-ogg-theora: a1e56fd34408186e4bbccfd4996cb3dc -> 
  custom:container-muxer-webm: aa71ff27fc2769a1b78a27578f13a17b -> 
  custom:container-demuxer-webm: 4f35f7cbe854078d1ac9338744f61a02 -> 
  custom:video-encoder-webm-vp8: eb34c28f22e8b96e1ab97ce403110664 -> 
  custom:framework-osx-AVFoundation: e770b220cccbd017edd2c1fefb359320 -> 
  custom:audio-encoder-webm-vorbis: bf7c407c2cedff20999df2af8eb42d56 -> 
  custom:container-demuxer-ogg: 62fdf1f143b41e24485cea50d1cbac27 -> 
  custom:video-decoder-webm-vp8: 9c59270c3fd7afecdb556c50c9e8de78 -> 
  custom:audio-decoder-ogg-vorbis: bf7c407c2cedff20999df2af8eb42d56 -> 
========================================================================
Received Prepare
Registering precompiled user dll's ...
Registered in 0.001525 seconds.
Begin MonoManager ReloadAssembly
Thread 0x16fdcb000 may have been prematurely finalized
Symbol file LoadedFromMemory doesn't match image /Users/piaomz/Desktop/CSCI526_GAME_DEV/CSCI526_GAME_DEV/Library/PackageCache/com.unity.visualscripting@1.7.8/Editor/VisualScripting.Core/Dependencies/YamlDotNet/Unity.VisualScripting.YamlDotNet.dll
Symbol file LoadedFromMemory doesn't match image /Users/piaomz/Desktop/CSCI526_GAME_DEV/CSCI526_GAME_DEV/Library/PackageCache/com.unity.visualscripting@1.7.8/Editor/VisualScripting.Core/Dependencies/DotNetZip/Unity.VisualScripting.IonicZip.dll
Native extension for WindowsStandalone target not found
Native extension for OSXStandalone target not found
Native extension for WebGL target not found
Refreshing native plugins compatible for Editor in 0.41 ms, found 2 plugins.
Preloading 0 native plugins for Editor in 0.00 ms.
Mono: successfully reloaded assembly
- Completed reload, in  0.561 seconds
Domain Reload Profiling:
	ReloadAssembly (561ms)
		BeginReloadAssembly (69ms)
			ExecutionOrderSort (0ms)
			DisableScriptedObjects (3ms)
			BackupInstance (0ms)
			ReleaseScriptingObjects (0ms)
			CreateAndSetChildDomain (23ms)
		EndReloadAssembly (435ms)
			LoadAssemblies (29ms)
			RebuildTransferFunctionScriptingTraits (0ms)
			SetupTypeCache (164ms)
			ReleaseScriptCaches (1ms)
			RebuildScriptCaches (27ms)
			SetupLoadedEditorAssemblies (182ms)
				LogAssemblyErrors (0ms)
				InitializePlatformSupportModulesInManaged (6ms)
				SetLoadedEditorAssemblies (0ms)
				RefreshPlugins (0ms)
				BeforeProcessingInitializeOnLoad (38ms)
				ProcessInitializeOnLoadAttributes (122ms)
				ProcessInitializeOnLoadMethodAttributes (15ms)
				AfterProcessingInitializeOnLoad (1ms)
				EditorAssembliesLoaded (0ms)
			ExecutionOrderSort2 (0ms)
			AwakeInstancesAfterBackupRestoration (2ms)
Platform modules already initialized, skipping
Refreshing native plugins compatible for Editor in 0.99 ms, found 2 plugins.
Preloading 0 native plugins for Editor in 0.00 ms.
Unloading 3517 Unused Serialized files (Serialized files now loaded: 0)
Unloading 25 unused Assets / (21.9 KB). Loaded Objects now: 4061.
Memory consumption went from 265.3 MB to 265.3 MB.
Total: 2.236167 ms (FindLiveObjects: 0.112125 ms CreateObjectMapping: 0.043084 ms MarkObjects: 2.064125 ms  DeleteObjects: 0.016167 ms)

AssetImportParameters requested are different than current active one (requested -> active):
  custom:video-decoder-ogg-theora: a1e56fd34408186e4bbccfd4996cb3dc -> 
  custom:container-muxer-webm: aa71ff27fc2769a1b78a27578f13a17b -> 
  custom:container-demuxer-webm: 4f35f7cbe854078d1ac9338744f61a02 -> 
  custom:video-encoder-webm-vp8: eb34c28f22e8b96e1ab97ce403110664 -> 
  custom:framework-osx-AVFoundation: e770b220cccbd017edd2c1fefb359320 -> 
  custom:audio-encoder-webm-vorbis: bf7c407c2cedff20999df2af8eb42d56 -> 
  custom:container-demuxer-ogg: 62fdf1f143b41e24485cea50d1cbac27 -> 
  custom:video-decoder-webm-vp8: 9c59270c3fd7afecdb556c50c9e8de78 -> 
  custom:audio-decoder-ogg-vorbis: bf7c407c2cedff20999df2af8eb42d56 -> 
========================================================================
Received Import Request.
  Time since last request: 173.221641 seconds.
  path: Assets/Scenes/Level1.unity
  artifactKey: Guid(a0ac970e8d10c41949ca77599381d09f) Importer(815301076,1909f56bfc062723c751e8b465ee728b)
Start importing Assets/Scenes/Level1.unity using Guid(a0ac970e8d10c41949ca77599381d09f) Importer(815301076,1909f56bfc062723c751e8b465ee728b)  -> (artifact id: 'eeeeddc3d85ae5ffbfc0068bda93caac') in 0.013053 seconds 
========================================================================
Received Import Request.
  Time since last request: 1.493799 seconds.
  path: Assets/Scenes/Level2.unity
  artifactKey: Guid(43dbc49e6bac92e4385d950edbfde620) Importer(815301076,1909f56bfc062723c751e8b465ee728b)
Start importing Assets/Scenes/Level2.unity using Guid(43dbc49e6bac92e4385d950edbfde620) Importer(815301076,1909f56bfc062723c751e8b465ee728b)  -> (artifact id: 'e9f2b9c714e7fa3773dc6dfadb924caf') in 0.001223 seconds 
========================================================================
Received Import Request.
  Time since last request: 75.861949 seconds.
  path: Assets/Scenes/Level3.unity
  artifactKey: Guid(2f13bcb8bfb6fa849a7939415d586858) Importer(815301076,1909f56bfc062723c751e8b465ee728b)
Start importing Assets/Scenes/Level3.unity using Guid(2f13bcb8bfb6fa849a7939415d586858) Importer(815301076,1909f56bfc062723c751e8b465ee728b)  -> (artifact id: 'c887fb1531ffa3932a57a00d5d217560') in 0.000599 seconds 
========================================================================
Received Prepare
Registering precompiled user dll's ...
Registered in 0.001416 seconds.
Begin MonoManager ReloadAssembly
Thread 0x16fdcb000 may have been prematurely finalized
Symbol file LoadedFromMemory doesn't match image /Users/piaomz/Desktop/CSCI526_GAME_DEV/CSCI526_GAME_DEV/Library/PackageCache/com.unity.visualscripting@1.7.8/Editor/VisualScripting.Core/Dependencies/YamlDotNet/Unity.VisualScripting.YamlDotNet.dll
Symbol file LoadedFromMemory doesn't match image /Users/piaomz/Desktop/CSCI526_GAME_DEV/CSCI526_GAME_DEV/Library/PackageCache/com.unity.visualscripting@1.7.8/Editor/VisualScripting.Core/Dependencies/DotNetZip/Unity.VisualScripting.IonicZip.dll
Native extension for WindowsStandalone target not found
Native extension for OSXStandalone target not found
Native extension for WebGL target not found
Refreshing native plugins compatible for Editor in 0.38 ms, found 2 plugins.
Preloading 0 native plugins for Editor in 0.00 ms.
Mono: successfully reloaded assembly
- Completed reload, in  0.609 seconds
Domain Reload Profiling:
	ReloadAssembly (609ms)
		BeginReloadAssembly (82ms)
			ExecutionOrderSort (0ms)
			DisableScriptedObjects (3ms)
			BackupInstance (0ms)
			ReleaseScriptingObjects (0ms)
			CreateAndSetChildDomain (29ms)
		EndReloadAssembly (469ms)
			LoadAssemblies (40ms)
			RebuildTransferFunctionScriptingTraits (0ms)
			SetupTypeCache (181ms)
			ReleaseScriptCaches (1ms)
			RebuildScriptCaches (28ms)
			SetupLoadedEditorAssemblies (186ms)
				LogAssemblyErrors (0ms)
				InitializePlatformSupportModulesInManaged (6ms)
				SetLoadedEditorAssemblies (0ms)
				RefreshPlugins (0ms)
				BeforeProcessingInitializeOnLoad (41ms)
				ProcessInitializeOnLoadAttributes (121ms)
				ProcessInitializeOnLoadMethodAttributes (16ms)
				AfterProcessingInitializeOnLoad (1ms)
				EditorAssembliesLoaded (0ms)
			ExecutionOrderSort2 (0ms)
			AwakeInstancesAfterBackupRestoration (2ms)
Platform modules already initialized, skipping
Refreshing native plugins compatible for Editor in 0.97 ms, found 2 plugins.
Preloading 0 native plugins for Editor in 0.00 ms.
Unloading 3517 Unused Serialized files (Serialized files now loaded: 0)
Unloading 25 unused Assets / (22.0 KB). Loaded Objects now: 4064.
Memory consumption went from 265.5 MB to 265.5 MB.
Total: 2.180375 ms (FindLiveObjects: 0.136875 ms CreateObjectMapping: 0.043125 ms MarkObjects: 1.973000 ms  DeleteObjects: 0.026625 ms)

AssetImportParameters requested are different than current active one (requested -> active):
  custom:video-decoder-ogg-theora: a1e56fd34408186e4bbccfd4996cb3dc -> 
  custom:container-muxer-webm: aa71ff27fc2769a1b78a27578f13a17b -> 
  custom:container-demuxer-webm: 4f35f7cbe854078d1ac9338744f61a02 -> 
  custom:video-encoder-webm-vp8: eb34c28f22e8b96e1ab97ce403110664 -> 
  custom:framework-osx-AVFoundation: e770b220cccbd017edd2c1fefb359320 -> 
  custom:audio-encoder-webm-vorbis: bf7c407c2cedff20999df2af8eb42d56 -> 
  custom:container-demuxer-ogg: 62fdf1f143b41e24485cea50d1cbac27 -> 
  custom:video-decoder-webm-vp8: 9c59270c3fd7afecdb556c50c9e8de78 -> 
  custom:audio-decoder-ogg-vorbis: bf7c407c2cedff20999df2af8eb42d56 -> 
========================================================================
Received Import Request.
  Time since last request: 94.339647 seconds.
  path: Assets/Scenes/Level1.unity
  artifactKey: Guid(a0ac970e8d10c41949ca77599381d09f) Importer(815301076,1909f56bfc062723c751e8b465ee728b)
Start importing Assets/Scenes/Level1.unity using Guid(a0ac970e8d10c41949ca77599381d09f) Importer(815301076,1909f56bfc062723c751e8b465ee728b)  -> (artifact id: '58b8e81b4123d2d31d02223ecdbe7b80') in 0.010084 seconds 
========================================================================
Received Prepare
Registering precompiled user dll's ...
Registered in 0.001452 seconds.
Begin MonoManager ReloadAssembly
Thread 0x16fdcb000 may have been prematurely finalized
Symbol file LoadedFromMemory doesn't match image /Users/piaomz/Desktop/CSCI526_GAME_DEV/CSCI526_GAME_DEV/Library/PackageCache/com.unity.visualscripting@1.7.8/Editor/VisualScripting.Core/Dependencies/YamlDotNet/Unity.VisualScripting.YamlDotNet.dll
Symbol file LoadedFromMemory doesn't match image /Users/piaomz/Desktop/CSCI526_GAME_DEV/CSCI526_GAME_DEV/Library/PackageCache/com.unity.visualscripting@1.7.8/Editor/VisualScripting.Core/Dependencies/DotNetZip/Unity.VisualScripting.IonicZip.dll
Native extension for WindowsStandalone target not found
Native extension for OSXStandalone target not found
Native extension for WebGL target not found
Refreshing native plugins compatible for Editor in 0.37 ms, found 2 plugins.
Preloading 0 native plugins for Editor in 0.00 ms.
Mono: successfully reloaded assembly
- Completed reload, in  0.578 seconds
Domain Reload Profiling:
	ReloadAssembly (579ms)
		BeginReloadAssembly (75ms)
			ExecutionOrderSort (0ms)
			DisableScriptedObjects (3ms)
			BackupInstance (0ms)
			ReleaseScriptingObjects (0ms)
			CreateAndSetChildDomain (28ms)
		EndReloadAssembly (446ms)
			LoadAssemblies (30ms)
			RebuildTransferFunctionScriptingTraits (0ms)
			SetupTypeCache (173ms)
			ReleaseScriptCaches (1ms)
			RebuildScriptCaches (29ms)
			SetupLoadedEditorAssemblies (182ms)
				LogAssemblyErrors (0ms)
				InitializePlatformSupportModulesInManaged (6ms)
				SetLoadedEditorAssemblies (0ms)
				RefreshPlugins (0ms)
				BeforeProcessingInitializeOnLoad (38ms)
				ProcessInitializeOnLoadAttributes (120ms)
				ProcessInitializeOnLoadMethodAttributes (16ms)
				AfterProcessingInitializeOnLoad (1ms)
				EditorAssembliesLoaded (0ms)
			ExecutionOrderSort2 (0ms)
			AwakeInstancesAfterBackupRestoration (2ms)
Platform modules already initialized, skipping
Refreshing native plugins compatible for Editor in 1.00 ms, found 2 plugins.
Preloading 0 native plugins for Editor in 0.00 ms.
Unloading 3517 Unused Serialized files (Serialized files now loaded: 0)
Unloading 25 unused Assets / (22.0 KB). Loaded Objects now: 4067.
Memory consumption went from 265.8 MB to 265.7 MB.
Total: 2.213709 ms (FindLiveObjects: 0.117167 ms CreateObjectMapping: 0.042292 ms MarkObjects: 2.036334 ms  DeleteObjects: 0.017125 ms)

AssetImportParameters requested are different than current active one (requested -> active):
  custom:video-decoder-ogg-theora: a1e56fd34408186e4bbccfd4996cb3dc -> 
  custom:container-muxer-webm: aa71ff27fc2769a1b78a27578f13a17b -> 
  custom:container-demuxer-webm: 4f35f7cbe854078d1ac9338744f61a02 -> 
  custom:video-encoder-webm-vp8: eb34c28f22e8b96e1ab97ce403110664 -> 
  custom:framework-osx-AVFoundation: e770b220cccbd017edd2c1fefb359320 -> 
  custom:audio-encoder-webm-vorbis: bf7c407c2cedff20999df2af8eb42d56 -> 
  custom:container-demuxer-ogg: 62fdf1f143b41e24485cea50d1cbac27 -> 
  custom:video-decoder-webm-vp8: 9c59270c3fd7afecdb556c50c9e8de78 -> 
  custom:audio-decoder-ogg-vorbis: bf7c407c2cedff20999df2af8eb42d56 -> 
========================================================================
Received Prepare
Refreshing native plugins compatible for Editor in 1.87 ms, found 2 plugins.
Preloading 0 native plugins for Editor in 0.00 ms.
Unloading 25 Unused Serialized files (Serialized files now loaded: 0)
Unloading 25 unused Assets / (21.8 KB). Loaded Objects now: 4067.
Memory consumption went from 196.0 MB to 195.9 MB.
Total: 2.940750 ms (FindLiveObjects: 0.135625 ms CreateObjectMapping: 0.045583 ms MarkObjects: 2.738375 ms  DeleteObjects: 0.020833 ms)

AssetImportParameters requested are different than current active one (requested -> active):
  custom:video-decoder-ogg-theora: a1e56fd34408186e4bbccfd4996cb3dc -> 
  custom:container-muxer-webm: aa71ff27fc2769a1b78a27578f13a17b -> 
  custom:container-demuxer-webm: 4f35f7cbe854078d1ac9338744f61a02 -> 
  custom:video-encoder-webm-vp8: eb34c28f22e8b96e1ab97ce403110664 -> 
  custom:framework-osx-AVFoundation: e770b220cccbd017edd2c1fefb359320 -> 
  custom:audio-encoder-webm-vorbis: bf7c407c2cedff20999df2af8eb42d56 -> 
  custom:container-demuxer-ogg: 62fdf1f143b41e24485cea50d1cbac27 -> 
  custom:video-decoder-webm-vp8: 9c59270c3fd7afecdb556c50c9e8de78 -> 
  custom:audio-decoder-ogg-vorbis: bf7c407c2cedff20999df2af8eb42d56 -> 
========================================================================
Received Prepare
Registering precompiled user dll's ...
Registered in 0.002803 seconds.
Begin MonoManager ReloadAssembly
Thread 0x16fdcb000 may have been prematurely finalized
Symbol file LoadedFromMemory doesn't match image /Users/piaomz/Desktop/CSCI526_GAME_DEV/CSCI526_GAME_DEV/Library/PackageCache/com.unity.visualscripting@1.7.8/Editor/VisualScripting.Core/Dependencies/YamlDotNet/Unity.VisualScripting.YamlDotNet.dll
Symbol file LoadedFromMemory doesn't match image /Users/piaomz/Desktop/CSCI526_GAME_DEV/CSCI526_GAME_DEV/Library/PackageCache/com.unity.visualscripting@1.7.8/Editor/VisualScripting.Core/Dependencies/DotNetZip/Unity.VisualScripting.IonicZip.dll
Native extension for WindowsStandalone target not found
Native extension for OSXStandalone target not found
Native extension for WebGL target not found
Refreshing native plugins compatible for Editor in 0.40 ms, found 2 plugins.
Preloading 0 native plugins for Editor in 0.00 ms.
Mono: successfully reloaded assembly
- Completed reload, in  0.625 seconds
Domain Reload Profiling:
	ReloadAssembly (626ms)
		BeginReloadAssembly (102ms)
			ExecutionOrderSort (0ms)
			DisableScriptedObjects (9ms)
			BackupInstance (0ms)
			ReleaseScriptingObjects (0ms)
			CreateAndSetChildDomain (35ms)
		EndReloadAssembly (466ms)
			LoadAssemblies (41ms)
			RebuildTransferFunctionScriptingTraits (1ms)
			SetupTypeCache (183ms)
			ReleaseScriptCaches (1ms)
			RebuildScriptCaches (29ms)
			SetupLoadedEditorAssemblies (185ms)
				LogAssemblyErrors (0ms)
				InitializePlatformSupportModulesInManaged (6ms)
				SetLoadedEditorAssemblies (0ms)
				RefreshPlugins (0ms)
				BeforeProcessingInitializeOnLoad (38ms)
				ProcessInitializeOnLoadAttributes (124ms)
				ProcessInitializeOnLoadMethodAttributes (16ms)
				AfterProcessingInitializeOnLoad (1ms)
				EditorAssembliesLoaded (0ms)
			ExecutionOrderSort2 (0ms)
			AwakeInstancesAfterBackupRestoration (3ms)
Platform modules already initialized, skipping
Refreshing native plugins compatible for Editor in 1.01 ms, found 2 plugins.
Preloading 0 native plugins for Editor in 0.00 ms.
Unloading 3517 Unused Serialized files (Serialized files now loaded: 0)
Unloading 25 unused Assets / (22.9 KB). Loaded Objects now: 4070.
Memory consumption went from 266.0 MB to 266.0 MB.
Total: 2.157458 ms (FindLiveObjects: 0.115458 ms CreateObjectMapping: 0.042375 ms MarkObjects: 1.975084 ms  DeleteObjects: 0.024083 ms)

AssetImportParameters requested are different than current active one (requested -> active):
  custom:video-decoder-ogg-theora: a1e56fd34408186e4bbccfd4996cb3dc -> 
  custom:container-muxer-webm: aa71ff27fc2769a1b78a27578f13a17b -> 
  custom:container-demuxer-webm: 4f35f7cbe854078d1ac9338744f61a02 -> 
  custom:video-encoder-webm-vp8: eb34c28f22e8b96e1ab97ce403110664 -> 
  custom:framework-osx-AVFoundation: e770b220cccbd017edd2c1fefb359320 -> 
  custom:audio-encoder-webm-vorbis: bf7c407c2cedff20999df2af8eb42d56 -> 
  custom:container-demuxer-ogg: 62fdf1f143b41e24485cea50d1cbac27 -> 
  custom:video-decoder-webm-vp8: 9c59270c3fd7afecdb556c50c9e8de78 -> 
  custom:audio-decoder-ogg-vorbis: bf7c407c2cedff20999df2af8eb42d56 -> 
========================================================================
Received Import Request.
  Time since last request: 197.351668 seconds.
  path: Assets/Scenes/Level2.unity
  artifactKey: Guid(43dbc49e6bac92e4385d950edbfde620) Importer(815301076,1909f56bfc062723c751e8b465ee728b)
Start importing Assets/Scenes/Level2.unity using Guid(43dbc49e6bac92e4385d950edbfde620) Importer(815301076,1909f56bfc062723c751e8b465ee728b)  -> (artifact id: '8f92fc6288f70e523491f3c77ba40f69') in 0.005315 seconds 
========================================================================
Received Prepare
Registering precompiled user dll's ...
Registered in 0.001659 seconds.
Begin MonoManager ReloadAssembly
Thread 0x16fdcb000 may have been prematurely finalized
Symbol file LoadedFromMemory doesn't match image /Users/piaomz/Desktop/CSCI526_GAME_DEV/CSCI526_GAME_DEV/Library/PackageCache/com.unity.visualscripting@1.7.8/Editor/VisualScripting.Core/Dependencies/YamlDotNet/Unity.VisualScripting.YamlDotNet.dll
Symbol file LoadedFromMemory doesn't match image /Users/piaomz/Desktop/CSCI526_GAME_DEV/CSCI526_GAME_DEV/Library/PackageCache/com.unity.visualscripting@1.7.8/Editor/VisualScripting.Core/Dependencies/DotNetZip/Unity.VisualScripting.IonicZip.dll
Native extension for WindowsStandalone target not found
Native extension for OSXStandalone target not found
Native extension for WebGL target not found
Refreshing native plugins compatible for Editor in 0.47 ms, found 2 plugins.
Preloading 0 native plugins for Editor in 0.00 ms.
Mono: successfully reloaded assembly
- Completed reload, in  0.563 seconds
Domain Reload Profiling:
	ReloadAssembly (563ms)
		BeginReloadAssembly (71ms)
			ExecutionOrderSort (0ms)
			DisableScriptedObjects (3ms)
			BackupInstance (0ms)
			ReleaseScriptingObjects (0ms)
			CreateAndSetChildDomain (27ms)
		EndReloadAssembly (435ms)
			LoadAssemblies (29ms)
			RebuildTransferFunctionScriptingTraits (0ms)
			SetupTypeCache (167ms)
			ReleaseScriptCaches (1ms)
			RebuildScriptCaches (27ms)
			SetupLoadedEditorAssemblies (179ms)
				LogAssemblyErrors (0ms)
				InitializePlatformSupportModulesInManaged (6ms)
				SetLoadedEditorAssemblies (0ms)
				RefreshPlugins (1ms)
				BeforeProcessingInitializeOnLoad (38ms)
				ProcessInitializeOnLoadAttributes (118ms)
				ProcessInitializeOnLoadMethodAttributes (15ms)
				AfterProcessingInitializeOnLoad (1ms)
				EditorAssembliesLoaded (0ms)
			ExecutionOrderSort2 (0ms)
			AwakeInstancesAfterBackupRestoration (2ms)
Platform modules already initialized, skipping
Refreshing native plugins compatible for Editor in 0.88 ms, found 2 plugins.
Preloading 0 native plugins for Editor in 0.00 ms.
Unloading 3517 Unused Serialized files (Serialized files now loaded: 0)
Unloading 25 unused Assets / (23.1 KB). Loaded Objects now: 4073.
Memory consumption went from 266.2 MB to 266.2 MB.
Total: 2.173042 ms (FindLiveObjects: 0.113833 ms CreateObjectMapping: 0.041167 ms MarkObjects: 1.993125 ms  DeleteObjects: 0.021708 ms)

AssetImportParameters requested are different than current active one (requested -> active):
  custom:video-decoder-ogg-theora: a1e56fd34408186e4bbccfd4996cb3dc -> 
  custom:container-muxer-webm: aa71ff27fc2769a1b78a27578f13a17b -> 
  custom:container-demuxer-webm: 4f35f7cbe854078d1ac9338744f61a02 -> 
  custom:video-encoder-webm-vp8: eb34c28f22e8b96e1ab97ce403110664 -> 
  custom:framework-osx-AVFoundation: e770b220cccbd017edd2c1fefb359320 -> 
  custom:audio-encoder-webm-vorbis: bf7c407c2cedff20999df2af8eb42d56 -> 
  custom:container-demuxer-ogg: 62fdf1f143b41e24485cea50d1cbac27 -> 
  custom:video-decoder-webm-vp8: 9c59270c3fd7afecdb556c50c9e8de78 -> 
  custom:audio-decoder-ogg-vorbis: bf7c407c2cedff20999df2af8eb42d56 -> 
========================================================================
Received Import Request.
  Time since last request: 23.261036 seconds.
  path: Assets/Prefabs/doorA.prefab
  artifactKey: Guid(94b9029a146f54b958c0e7c06d9459f3) Importer(815301076,1909f56bfc062723c751e8b465ee728b)
Start importing Assets/Prefabs/doorA.prefab using Guid(94b9029a146f54b958c0e7c06d9459f3) Importer(815301076,1909f56bfc062723c751e8b465ee728b)  -> (artifact id: 'e415800ca49812b2cdc379f31b91523b') in 0.064261 seconds 
========================================================================
Received Import Request.
  Time since last request: 0.388995 seconds.
  path: Assets/Prefabs/doorB.prefab
  artifactKey: Guid(f1d3e2828ac854cf2bbb99cb0f7ae0b1) Importer(815301076,1909f56bfc062723c751e8b465ee728b)
Start importing Assets/Prefabs/doorB.prefab using Guid(f1d3e2828ac854cf2bbb99cb0f7ae0b1) Importer(815301076,1909f56bfc062723c751e8b465ee728b)  -> (artifact id: 'bf7950f37723d540ed9c5d157f2b7d13') in 0.007923 seconds 
========================================================================
Received Import Request.
  Time since last request: 4.153537 seconds.
  path: Assets/Prefabs/Wall.prefab
  artifactKey: Guid(0288f49d09ede4953af6cc3bce038fca) Importer(815301076,1909f56bfc062723c751e8b465ee728b)
Start importing Assets/Prefabs/Wall.prefab using Guid(0288f49d09ede4953af6cc3bce038fca) Importer(815301076,1909f56bfc062723c751e8b465ee728b)  -> (artifact id: '7a289402b08452edc226a233907603d6') in 0.006669 seconds 
========================================================================
Received Import Request.
  Time since last request: 3.752332 seconds.
  path: Assets/Prefabs/TriQuadA.prefab
  artifactKey: Guid(8aff85221cdf343968dcc775bdb68f76) Importer(815301076,1909f56bfc062723c751e8b465ee728b)
Start importing Assets/Prefabs/TriQuadA.prefab using Guid(8aff85221cdf343968dcc775bdb68f76) Importer(815301076,1909f56bfc062723c751e8b465ee728b)  -> (artifact id: '4712c476f10a772a7d1521c023f5d29b') in 0.006291 seconds 
========================================================================
Received Import Request.
  Time since last request: 0.412226 seconds.
  path: Assets/Prefabs/TriQuadB.prefab
  artifactKey: Guid(88d4f0d3f919a4a20a520bb6b1c19263) Importer(815301076,1909f56bfc062723c751e8b465ee728b)
Start importing Assets/Prefabs/TriQuadB.prefab using Guid(88d4f0d3f919a4a20a520bb6b1c19263) Importer(815301076,1909f56bfc062723c751e8b465ee728b)  -> (artifact id: '3d46b965adb988002d01628bc246d4bb') in 0.005104 seconds 
========================================================================
Received Import Request.
  Time since last request: 45.192766 seconds.
  path: Assets/Scenes/Level2.unity
  artifactKey: Guid(43dbc49e6bac92e4385d950edbfde620) Importer(815301076,1909f56bfc062723c751e8b465ee728b)
Start importing Assets/Scenes/Level2.unity using Guid(43dbc49e6bac92e4385d950edbfde620) Importer(815301076,1909f56bfc062723c751e8b465ee728b)  -> (artifact id: 'a1c10d71a60d1aa519e4d770f158417c') in 0.000951 seconds 
========================================================================
Received Prepare
Registering precompiled user dll's ...
Registered in 0.001462 seconds.
Begin MonoManager ReloadAssembly
Thread 0x16fdcb000 may have been prematurely finalized
Symbol file LoadedFromMemory doesn't match image /Users/piaomz/Desktop/CSCI526_GAME_DEV/CSCI526_GAME_DEV/Library/PackageCache/com.unity.visualscripting@1.7.8/Editor/VisualScripting.Core/Dependencies/YamlDotNet/Unity.VisualScripting.YamlDotNet.dll
Symbol file LoadedFromMemory doesn't match image /Users/piaomz/Desktop/CSCI526_GAME_DEV/CSCI526_GAME_DEV/Library/PackageCache/com.unity.visualscripting@1.7.8/Editor/VisualScripting.Core/Dependencies/DotNetZip/Unity.VisualScripting.IonicZip.dll
Native extension for WindowsStandalone target not found
Native extension for OSXStandalone target not found
Native extension for WebGL target not found
Refreshing native plugins compatible for Editor in 0.41 ms, found 2 plugins.
Preloading 0 native plugins for Editor in 0.00 ms.
Mono: successfully reloaded assembly
- Completed reload, in  0.583 seconds
Domain Reload Profiling:
	ReloadAssembly (583ms)
		BeginReloadAssembly (72ms)
			ExecutionOrderSort (0ms)
			DisableScriptedObjects (3ms)
			BackupInstance (0ms)
			ReleaseScriptingObjects (0ms)
			CreateAndSetChildDomain (26ms)
		EndReloadAssembly (454ms)
			LoadAssemblies (29ms)
			RebuildTransferFunctionScriptingTraits (0ms)
			SetupTypeCache (183ms)
			ReleaseScriptCaches (1ms)
			RebuildScriptCaches (29ms)
			SetupLoadedEditorAssemblies (179ms)
				LogAssemblyErrors (0ms)
				InitializePlatformSupportModulesInManaged (6ms)
				SetLoadedEditorAssemblies (0ms)
				RefreshPlugins (0ms)
				BeforeProcessingInitializeOnLoad (37ms)
				ProcessInitializeOnLoadAttributes (120ms)
				ProcessInitializeOnLoadMethodAttributes (15ms)
				AfterProcessingInitializeOnLoad (1ms)
				EditorAssembliesLoaded (0ms)
			ExecutionOrderSort2 (0ms)
			AwakeInstancesAfterBackupRestoration (2ms)
Platform modules already initialized, skipping
Refreshing native plugins compatible for Editor in 0.97 ms, found 2 plugins.
Preloading 0 native plugins for Editor in 0.00 ms.
Unloading 3517 Unused Serialized files (Serialized files now loaded: 0)
Unloading 25 unused Assets / (22.2 KB). Loaded Objects now: 4077.
Memory consumption went from 266.4 MB to 266.4 MB.
Total: 2.319250 ms (FindLiveObjects: 0.103583 ms CreateObjectMapping: 0.040166 ms MarkObjects: 2.157959 ms  DeleteObjects: 0.016917 ms)

AssetImportParameters requested are different than current active one (requested -> active):
  custom:video-decoder-ogg-theora: a1e56fd34408186e4bbccfd4996cb3dc -> 
  custom:container-muxer-webm: aa71ff27fc2769a1b78a27578f13a17b -> 
  custom:container-demuxer-webm: 4f35f7cbe854078d1ac9338744f61a02 -> 
  custom:video-encoder-webm-vp8: eb34c28f22e8b96e1ab97ce403110664 -> 
  custom:framework-osx-AVFoundation: e770b220cccbd017edd2c1fefb359320 -> 
  custom:audio-encoder-webm-vorbis: bf7c407c2cedff20999df2af8eb42d56 -> 
  custom:container-demuxer-ogg: 62fdf1f143b41e24485cea50d1cbac27 -> 
  custom:video-decoder-webm-vp8: 9c59270c3fd7afecdb556c50c9e8de78 -> 
  custom:audio-decoder-ogg-vorbis: bf7c407c2cedff20999df2af8eb42d56 -> 
========================================================================
Received Prepare
Registering precompiled user dll's ...
Registered in 0.001895 seconds.
Begin MonoManager ReloadAssembly
Thread 0x16fdcb000 may have been prematurely finalized
Symbol file LoadedFromMemory doesn't match image /Users/piaomz/Desktop/CSCI526_GAME_DEV/CSCI526_GAME_DEV/Library/PackageCache/com.unity.visualscripting@1.7.8/Editor/VisualScripting.Core/Dependencies/YamlDotNet/Unity.VisualScripting.YamlDotNet.dll
Symbol file LoadedFromMemory doesn't match image /Users/piaomz/Desktop/CSCI526_GAME_DEV/CSCI526_GAME_DEV/Library/PackageCache/com.unity.visualscripting@1.7.8/Editor/VisualScripting.Core/Dependencies/DotNetZip/Unity.VisualScripting.IonicZip.dll
Native extension for WindowsStandalone target not found
Native extension for OSXStandalone target not found
Native extension for WebGL target not found
Refreshing native plugins compatible for Editor in 0.40 ms, found 2 plugins.
Preloading 0 native plugins for Editor in 0.00 ms.
Mono: successfully reloaded assembly
- Completed reload, in  0.647 seconds
Domain Reload Profiling:
	ReloadAssembly (648ms)
		BeginReloadAssembly (100ms)
			ExecutionOrderSort (0ms)
			DisableScriptedObjects (4ms)
			BackupInstance (0ms)
			ReleaseScriptingObjects (0ms)
			CreateAndSetChildDomain (43ms)
		EndReloadAssembly (488ms)
			LoadAssemblies (37ms)
			RebuildTransferFunctionScriptingTraits (1ms)
			SetupTypeCache (196ms)
			ReleaseScriptCaches (1ms)
			RebuildScriptCaches (28ms)
			SetupLoadedEditorAssemblies (193ms)
				LogAssemblyErrors (0ms)
				InitializePlatformSupportModulesInManaged (6ms)
				SetLoadedEditorAssemblies (0ms)
				RefreshPlugins (0ms)
				BeforeProcessingInitializeOnLoad (39ms)
				ProcessInitializeOnLoadAttributes (129ms)
				ProcessInitializeOnLoadMethodAttributes (17ms)
				AfterProcessingInitializeOnLoad (1ms)
				EditorAssembliesLoaded (0ms)
			ExecutionOrderSort2 (0ms)
			AwakeInstancesAfterBackupRestoration (2ms)
Platform modules already initialized, skipping
Refreshing native plugins compatible for Editor in 1.02 ms, found 2 plugins.
Preloading 0 native plugins for Editor in 0.00 ms.
Unloading 3517 Unused Serialized files (Serialized files now loaded: 0)
Unloading 25 unused Assets / (22.0 KB). Loaded Objects now: 4080.
Memory consumption went from 266.7 MB to 266.6 MB.
Total: 2.521083 ms (FindLiveObjects: 0.119875 ms CreateObjectMapping: 0.049250 ms MarkObjects: 2.308208 ms  DeleteObjects: 0.042625 ms)

AssetImportParameters requested are different than current active one (requested -> active):
  custom:video-decoder-ogg-theora: a1e56fd34408186e4bbccfd4996cb3dc -> 
  custom:container-muxer-webm: aa71ff27fc2769a1b78a27578f13a17b -> 
  custom:container-demuxer-webm: 4f35f7cbe854078d1ac9338744f61a02 -> 
  custom:video-encoder-webm-vp8: eb34c28f22e8b96e1ab97ce403110664 -> 
  custom:framework-osx-AVFoundation: e770b220cccbd017edd2c1fefb359320 -> 
  custom:audio-encoder-webm-vorbis: bf7c407c2cedff20999df2af8eb42d56 -> 
  custom:container-demuxer-ogg: 62fdf1f143b41e24485cea50d1cbac27 -> 
  custom:video-decoder-webm-vp8: 9c59270c3fd7afecdb556c50c9e8de78 -> 
  custom:audio-decoder-ogg-vorbis: bf7c407c2cedff20999df2af8eb42d56 -> 
